[2014-07-14 23:39:59] production.ERROR: exception 'Symfony\Component\HttpKernel\Exception\NotFoundHttpException' in /Users/yangbo-webkaifa/Sites/laravel_cn/vendor/laravel/framework/src/Illuminate/Routing/RouteCollection.php:146
Stack trace:
#0 /Users/yangbo-webkaifa/Sites/laravel_cn/vendor/laravel/framework/src/Illuminate/Routing/Router.php(1021): Illuminate\Routing\RouteCollection->match(Object(Illuminate\Http\Request))
#1 /Users/yangbo-webkaifa/Sites/laravel_cn/vendor/laravel/framework/src/Illuminate/Routing/Router.php(989): Illuminate\Routing\Router->findRoute(Object(Illuminate\Http\Request))
#2 /Users/yangbo-webkaifa/Sites/laravel_cn/vendor/laravel/framework/src/Illuminate/Routing/Router.php(968): Illuminate\Routing\Router->dispatchToRoute(Object(Illuminate\Http\Request))
#3 /Users/yangbo-webkaifa/Sites/laravel_cn/vendor/laravel/framework/src/Illuminate/Foundation/Application.php(738): Illuminate\Routing\Router->dispatch(Object(Illuminate\Http\Request))
#4 /Users/yangbo-webkaifa/Sites/laravel_cn/vendor/laravel/framework/src/Illuminate/Foundation/Application.php(708): Illuminate\Foundation\Application->dispatch(Object(Illuminate\Http\Request))
#5 /Users/yangbo-webkaifa/Sites/laravel_cn/vendor/barryvdh/laravel-debugbar/src/Barryvdh/Debugbar/Middleware.php(34): Illuminate\Foundation\Application->handle(Object(Illuminate\Http\Request), 1, true)
#6 /Users/yangbo-webkaifa/Sites/laravel_cn/vendor/laravel/framework/src/Illuminate/Http/FrameGuard.php(38): Barryvdh\Debugbar\Middleware->handle(Object(Illuminate\Http\Request), 1, true)
#7 /Users/yangbo-webkaifa/Sites/laravel_cn/vendor/laravel/framework/src/Illuminate/Session/Middleware.php(72): Illuminate\Http\FrameGuard->handle(Object(Illuminate\Http\Request), 1, true)
#8 /Users/yangbo-webkaifa/Sites/laravel_cn/vendor/laravel/framework/src/Illuminate/Cookie/Queue.php(47): Illuminate\Session\Middleware->handle(Object(Illuminate\Http\Request), 1, true)
#9 /Users/yangbo-webkaifa/Sites/laravel_cn/vendor/laravel/framework/src/Illuminate/Cookie/Guard.php(51): Illuminate\Cookie\Queue->handle(Object(Illuminate\Http\Request), 1, true)
#10 /Users/yangbo-webkaifa/Sites/laravel_cn/vendor/stack/builder/src/Stack/StackedHttpKernel.php(23): Illuminate\Cookie\Guard->handle(Object(Illuminate\Http\Request), 1, true)
#11 /Users/yangbo-webkaifa/Sites/laravel_cn/vendor/laravel/framework/src/Illuminate/Foundation/Application.php(606): Stack\StackedHttpKernel->handle(Object(Illuminate\Http\Request))
#12 /Users/yangbo-webkaifa/Sites/laravel_cn/public/index.php(63): Illuminate\Foundation\Application->run()
#13 {main} [] []
[2014-07-14 23:42:25] production.ERROR: exception 'Symfony\Component\HttpKernel\Exception\NotFoundHttpException' in /Users/yangbo-webkaifa/Sites/laravel_cn/vendor/laravel/framework/src/Illuminate/Routing/RouteCollection.php:146
Stack trace:
#0 /Users/yangbo-webkaifa/Sites/laravel_cn/vendor/laravel/framework/src/Illuminate/Routing/Router.php(1021): Illuminate\Routing\RouteCollection->match(Object(Illuminate\Http\Request))
#1 /Users/yangbo-webkaifa/Sites/laravel_cn/vendor/laravel/framework/src/Illuminate/Routing/Router.php(989): Illuminate\Routing\Router->findRoute(Object(Illuminate\Http\Request))
#2 /Users/yangbo-webkaifa/Sites/laravel_cn/vendor/laravel/framework/src/Illuminate/Routing/Router.php(968): Illuminate\Routing\Router->dispatchToRoute(Object(Illuminate\Http\Request))
#3 /Users/yangbo-webkaifa/Sites/laravel_cn/vendor/laravel/framework/src/Illuminate/Foundation/Application.php(738): Illuminate\Routing\Router->dispatch(Object(Illuminate\Http\Request))
#4 /Users/yangbo-webkaifa/Sites/laravel_cn/vendor/laravel/framework/src/Illuminate/Foundation/Application.php(708): Illuminate\Foundation\Application->dispatch(Object(Illuminate\Http\Request))
#5 /Users/yangbo-webkaifa/Sites/laravel_cn/vendor/barryvdh/laravel-debugbar/src/Barryvdh/Debugbar/Middleware.php(34): Illuminate\Foundation\Application->handle(Object(Illuminate\Http\Request), 1, true)
#6 /Users/yangbo-webkaifa/Sites/laravel_cn/vendor/laravel/framework/src/Illuminate/Http/FrameGuard.php(38): Barryvdh\Debugbar\Middleware->handle(Object(Illuminate\Http\Request), 1, true)
#7 /Users/yangbo-webkaifa/Sites/laravel_cn/vendor/laravel/framework/src/Illuminate/Session/Middleware.php(72): Illuminate\Http\FrameGuard->handle(Object(Illuminate\Http\Request), 1, true)
#8 /Users/yangbo-webkaifa/Sites/laravel_cn/vendor/laravel/framework/src/Illuminate/Cookie/Queue.php(47): Illuminate\Session\Middleware->handle(Object(Illuminate\Http\Request), 1, true)
#9 /Users/yangbo-webkaifa/Sites/laravel_cn/vendor/laravel/framework/src/Illuminate/Cookie/Guard.php(51): Illuminate\Cookie\Queue->handle(Object(Illuminate\Http\Request), 1, true)
#10 /Users/yangbo-webkaifa/Sites/laravel_cn/vendor/stack/builder/src/Stack/StackedHttpKernel.php(23): Illuminate\Cookie\Guard->handle(Object(Illuminate\Http\Request), 1, true)
#11 /Users/yangbo-webkaifa/Sites/laravel_cn/vendor/laravel/framework/src/Illuminate/Foundation/Application.php(606): Stack\StackedHttpKernel->handle(Object(Illuminate\Http\Request))
#12 /Users/yangbo-webkaifa/Sites/laravel_cn/public/index.php(63): Illuminate\Foundation\Application->run()
#13 {main} [] []
[2014-07-14 23:45:52] production.ERROR: exception 'Symfony\Component\HttpKernel\Exception\NotFoundHttpException' in /Users/yangbo-webkaifa/Sites/laravel_cn/vendor/laravel/framework/src/Illuminate/Routing/RouteCollection.php:146
Stack trace:
#0 /Users/yangbo-webkaifa/Sites/laravel_cn/vendor/laravel/framework/src/Illuminate/Routing/Router.php(1021): Illuminate\Routing\RouteCollection->match(Object(Illuminate\Http\Request))
#1 /Users/yangbo-webkaifa/Sites/laravel_cn/vendor/laravel/framework/src/Illuminate/Routing/Router.php(989): Illuminate\Routing\Router->findRoute(Object(Illuminate\Http\Request))
#2 /Users/yangbo-webkaifa/Sites/laravel_cn/vendor/laravel/framework/src/Illuminate/Routing/Router.php(968): Illuminate\Routing\Router->dispatchToRoute(Object(Illuminate\Http\Request))
#3 /Users/yangbo-webkaifa/Sites/laravel_cn/vendor/laravel/framework/src/Illuminate/Foundation/Application.php(738): Illuminate\Routing\Router->dispatch(Object(Illuminate\Http\Request))
#4 /Users/yangbo-webkaifa/Sites/laravel_cn/vendor/laravel/framework/src/Illuminate/Foundation/Application.php(708): Illuminate\Foundation\Application->dispatch(Object(Illuminate\Http\Request))
#5 /Users/yangbo-webkaifa/Sites/laravel_cn/vendor/barryvdh/laravel-debugbar/src/Barryvdh/Debugbar/Middleware.php(34): Illuminate\Foundation\Application->handle(Object(Illuminate\Http\Request), 1, true)
#6 /Users/yangbo-webkaifa/Sites/laravel_cn/vendor/laravel/framework/src/Illuminate/Http/FrameGuard.php(38): Barryvdh\Debugbar\Middleware->handle(Object(Illuminate\Http\Request), 1, true)
#7 /Users/yangbo-webkaifa/Sites/laravel_cn/vendor/laravel/framework/src/Illuminate/Session/Middleware.php(72): Illuminate\Http\FrameGuard->handle(Object(Illuminate\Http\Request), 1, true)
#8 /Users/yangbo-webkaifa/Sites/laravel_cn/vendor/laravel/framework/src/Illuminate/Cookie/Queue.php(47): Illuminate\Session\Middleware->handle(Object(Illuminate\Http\Request), 1, true)
#9 /Users/yangbo-webkaifa/Sites/laravel_cn/vendor/laravel/framework/src/Illuminate/Cookie/Guard.php(51): Illuminate\Cookie\Queue->handle(Object(Illuminate\Http\Request), 1, true)
#10 /Users/yangbo-webkaifa/Sites/laravel_cn/vendor/stack/builder/src/Stack/StackedHttpKernel.php(23): Illuminate\Cookie\Guard->handle(Object(Illuminate\Http\Request), 1, true)
#11 /Users/yangbo-webkaifa/Sites/laravel_cn/vendor/laravel/framework/src/Illuminate/Foundation/Application.php(606): Stack\StackedHttpKernel->handle(Object(Illuminate\Http\Request))
#12 /Users/yangbo-webkaifa/Sites/laravel_cn/public/index.php(63): Illuminate\Foundation\Application->run()
#13 {main} [] []
[2014-07-14 23:55:11] production.ERROR: exception 'Symfony\Component\HttpKernel\Exception\NotFoundHttpException' in /Users/yangbo-webkaifa/Sites/laravel_cn/vendor/laravel/framework/src/Illuminate/Routing/RouteCollection.php:146
Stack trace:
#0 /Users/yangbo-webkaifa/Sites/laravel_cn/vendor/laravel/framework/src/Illuminate/Routing/Router.php(1021): Illuminate\Routing\RouteCollection->match(Object(Illuminate\Http\Request))
#1 /Users/yangbo-webkaifa/Sites/laravel_cn/vendor/laravel/framework/src/Illuminate/Routing/Router.php(989): Illuminate\Routing\Router->findRoute(Object(Illuminate\Http\Request))
#2 /Users/yangbo-webkaifa/Sites/laravel_cn/vendor/laravel/framework/src/Illuminate/Routing/Router.php(968): Illuminate\Routing\Router->dispatchToRoute(Object(Illuminate\Http\Request))
#3 /Users/yangbo-webkaifa/Sites/laravel_cn/vendor/laravel/framework/src/Illuminate/Foundation/Application.php(738): Illuminate\Routing\Router->dispatch(Object(Illuminate\Http\Request))
#4 /Users/yangbo-webkaifa/Sites/laravel_cn/vendor/laravel/framework/src/Illuminate/Foundation/Application.php(708): Illuminate\Foundation\Application->dispatch(Object(Illuminate\Http\Request))
#5 /Users/yangbo-webkaifa/Sites/laravel_cn/vendor/barryvdh/laravel-debugbar/src/Barryvdh/Debugbar/Middleware.php(34): Illuminate\Foundation\Application->handle(Object(Illuminate\Http\Request), 1, true)
#6 /Users/yangbo-webkaifa/Sites/laravel_cn/vendor/laravel/framework/src/Illuminate/Http/FrameGuard.php(38): Barryvdh\Debugbar\Middleware->handle(Object(Illuminate\Http\Request), 1, true)
#7 /Users/yangbo-webkaifa/Sites/laravel_cn/vendor/laravel/framework/src/Illuminate/Session/Middleware.php(72): Illuminate\Http\FrameGuard->handle(Object(Illuminate\Http\Request), 1, true)
#8 /Users/yangbo-webkaifa/Sites/laravel_cn/vendor/laravel/framework/src/Illuminate/Cookie/Queue.php(47): Illuminate\Session\Middleware->handle(Object(Illuminate\Http\Request), 1, true)
#9 /Users/yangbo-webkaifa/Sites/laravel_cn/vendor/laravel/framework/src/Illuminate/Cookie/Guard.php(51): Illuminate\Cookie\Queue->handle(Object(Illuminate\Http\Request), 1, true)
#10 /Users/yangbo-webkaifa/Sites/laravel_cn/vendor/stack/builder/src/Stack/StackedHttpKernel.php(23): Illuminate\Cookie\Guard->handle(Object(Illuminate\Http\Request), 1, true)
#11 /Users/yangbo-webkaifa/Sites/laravel_cn/vendor/laravel/framework/src/Illuminate/Foundation/Application.php(606): Stack\StackedHttpKernel->handle(Object(Illuminate\Http\Request))
#12 /Users/yangbo-webkaifa/Sites/laravel_cn/public/index.php(63): Illuminate\Foundation\Application->run()
#13 {main} [] []
[2014-07-14 23:55:14] production.ERROR: exception 'Symfony\Component\HttpKernel\Exception\NotFoundHttpException' in /Users/yangbo-webkaifa/Sites/laravel_cn/vendor/laravel/framework/src/Illuminate/Routing/RouteCollection.php:146
Stack trace:
#0 /Users/yangbo-webkaifa/Sites/laravel_cn/vendor/laravel/framework/src/Illuminate/Routing/Router.php(1021): Illuminate\Routing\RouteCollection->match(Object(Illuminate\Http\Request))
#1 /Users/yangbo-webkaifa/Sites/laravel_cn/vendor/laravel/framework/src/Illuminate/Routing/Router.php(989): Illuminate\Routing\Router->findRoute(Object(Illuminate\Http\Request))
#2 /Users/yangbo-webkaifa/Sites/laravel_cn/vendor/laravel/framework/src/Illuminate/Routing/Router.php(968): Illuminate\Routing\Router->dispatchToRoute(Object(Illuminate\Http\Request))
#3 /Users/yangbo-webkaifa/Sites/laravel_cn/vendor/laravel/framework/src/Illuminate/Foundation/Application.php(738): Illuminate\Routing\Router->dispatch(Object(Illuminate\Http\Request))
#4 /Users/yangbo-webkaifa/Sites/laravel_cn/vendor/laravel/framework/src/Illuminate/Foundation/Application.php(708): Illuminate\Foundation\Application->dispatch(Object(Illuminate\Http\Request))
#5 /Users/yangbo-webkaifa/Sites/laravel_cn/vendor/barryvdh/laravel-debugbar/src/Barryvdh/Debugbar/Middleware.php(34): Illuminate\Foundation\Application->handle(Object(Illuminate\Http\Request), 1, true)
#6 /Users/yangbo-webkaifa/Sites/laravel_cn/vendor/laravel/framework/src/Illuminate/Http/FrameGuard.php(38): Barryvdh\Debugbar\Middleware->handle(Object(Illuminate\Http\Request), 1, true)
#7 /Users/yangbo-webkaifa/Sites/laravel_cn/vendor/laravel/framework/src/Illuminate/Session/Middleware.php(72): Illuminate\Http\FrameGuard->handle(Object(Illuminate\Http\Request), 1, true)
#8 /Users/yangbo-webkaifa/Sites/laravel_cn/vendor/laravel/framework/src/Illuminate/Cookie/Queue.php(47): Illuminate\Session\Middleware->handle(Object(Illuminate\Http\Request), 1, true)
#9 /Users/yangbo-webkaifa/Sites/laravel_cn/vendor/laravel/framework/src/Illuminate/Cookie/Guard.php(51): Illuminate\Cookie\Queue->handle(Object(Illuminate\Http\Request), 1, true)
#10 /Users/yangbo-webkaifa/Sites/laravel_cn/vendor/stack/builder/src/Stack/StackedHttpKernel.php(23): Illuminate\Cookie\Guard->handle(Object(Illuminate\Http\Request), 1, true)
#11 /Users/yangbo-webkaifa/Sites/laravel_cn/vendor/laravel/framework/src/Illuminate/Foundation/Application.php(606): Stack\StackedHttpKernel->handle(Object(Illuminate\Http\Request))
#12 /Users/yangbo-webkaifa/Sites/laravel_cn/public/index.php(63): Illuminate\Foundation\Application->run()
#13 {main} [] []
[2014-07-15 00:06:09] production.ERROR: exception 'Symfony\Component\HttpKernel\Exception\NotFoundHttpException' in /Users/yangbo-webkaifa/Sites/laravel_cn/vendor/laravel/framework/src/Illuminate/Routing/RouteCollection.php:146
Stack trace:
#0 /Users/yangbo-webkaifa/Sites/laravel_cn/vendor/laravel/framework/src/Illuminate/Routing/Router.php(1021): Illuminate\Routing\RouteCollection->match(Object(Illuminate\Http\Request))
#1 /Users/yangbo-webkaifa/Sites/laravel_cn/vendor/laravel/framework/src/Illuminate/Routing/Router.php(989): Illuminate\Routing\Router->findRoute(Object(Illuminate\Http\Request))
#2 /Users/yangbo-webkaifa/Sites/laravel_cn/vendor/laravel/framework/src/Illuminate/Routing/Router.php(968): Illuminate\Routing\Router->dispatchToRoute(Object(Illuminate\Http\Request))
#3 /Users/yangbo-webkaifa/Sites/laravel_cn/vendor/laravel/framework/src/Illuminate/Foundation/Application.php(738): Illuminate\Routing\Router->dispatch(Object(Illuminate\Http\Request))
#4 /Users/yangbo-webkaifa/Sites/laravel_cn/vendor/laravel/framework/src/Illuminate/Foundation/Application.php(708): Illuminate\Foundation\Application->dispatch(Object(Illuminate\Http\Request))
#5 /Users/yangbo-webkaifa/Sites/laravel_cn/vendor/barryvdh/laravel-debugbar/src/Barryvdh/Debugbar/Middleware.php(34): Illuminate\Foundation\Application->handle(Object(Illuminate\Http\Request), 1, true)
#6 /Users/yangbo-webkaifa/Sites/laravel_cn/vendor/laravel/framework/src/Illuminate/Http/FrameGuard.php(38): Barryvdh\Debugbar\Middleware->handle(Object(Illuminate\Http\Request), 1, true)
#7 /Users/yangbo-webkaifa/Sites/laravel_cn/vendor/laravel/framework/src/Illuminate/Session/Middleware.php(72): Illuminate\Http\FrameGuard->handle(Object(Illuminate\Http\Request), 1, true)
#8 /Users/yangbo-webkaifa/Sites/laravel_cn/vendor/laravel/framework/src/Illuminate/Cookie/Queue.php(47): Illuminate\Session\Middleware->handle(Object(Illuminate\Http\Request), 1, true)
#9 /Users/yangbo-webkaifa/Sites/laravel_cn/vendor/laravel/framework/src/Illuminate/Cookie/Guard.php(51): Illuminate\Cookie\Queue->handle(Object(Illuminate\Http\Request), 1, true)
#10 /Users/yangbo-webkaifa/Sites/laravel_cn/vendor/stack/builder/src/Stack/StackedHttpKernel.php(23): Illuminate\Cookie\Guard->handle(Object(Illuminate\Http\Request), 1, true)
#11 /Users/yangbo-webkaifa/Sites/laravel_cn/vendor/laravel/framework/src/Illuminate/Foundation/Application.php(606): Stack\StackedHttpKernel->handle(Object(Illuminate\Http\Request))
#12 /Users/yangbo-webkaifa/Sites/laravel_cn/public/index.php(63): Illuminate\Foundation\Application->run()
#13 {main} [] []
[2014-07-15 00:07:05] production.ERROR: exception 'Symfony\Component\HttpKernel\Exception\NotFoundHttpException' in /Users/yangbo-webkaifa/Sites/laravel_cn/vendor/laravel/framework/src/Illuminate/Routing/RouteCollection.php:146
Stack trace:
#0 /Users/yangbo-webkaifa/Sites/laravel_cn/vendor/laravel/framework/src/Illuminate/Routing/Router.php(1021): Illuminate\Routing\RouteCollection->match(Object(Illuminate\Http\Request))
#1 /Users/yangbo-webkaifa/Sites/laravel_cn/vendor/laravel/framework/src/Illuminate/Routing/Router.php(989): Illuminate\Routing\Router->findRoute(Object(Illuminate\Http\Request))
#2 /Users/yangbo-webkaifa/Sites/laravel_cn/vendor/laravel/framework/src/Illuminate/Routing/Router.php(968): Illuminate\Routing\Router->dispatchToRoute(Object(Illuminate\Http\Request))
#3 /Users/yangbo-webkaifa/Sites/laravel_cn/vendor/laravel/framework/src/Illuminate/Foundation/Application.php(738): Illuminate\Routing\Router->dispatch(Object(Illuminate\Http\Request))
#4 /Users/yangbo-webkaifa/Sites/laravel_cn/vendor/laravel/framework/src/Illuminate/Foundation/Application.php(708): Illuminate\Foundation\Application->dispatch(Object(Illuminate\Http\Request))
#5 /Users/yangbo-webkaifa/Sites/laravel_cn/vendor/barryvdh/laravel-debugbar/src/Barryvdh/Debugbar/Middleware.php(34): Illuminate\Foundation\Application->handle(Object(Illuminate\Http\Request), 1, true)
#6 /Users/yangbo-webkaifa/Sites/laravel_cn/vendor/laravel/framework/src/Illuminate/Http/FrameGuard.php(38): Barryvdh\Debugbar\Middleware->handle(Object(Illuminate\Http\Request), 1, true)
#7 /Users/yangbo-webkaifa/Sites/laravel_cn/vendor/laravel/framework/src/Illuminate/Session/Middleware.php(72): Illuminate\Http\FrameGuard->handle(Object(Illuminate\Http\Request), 1, true)
#8 /Users/yangbo-webkaifa/Sites/laravel_cn/vendor/laravel/framework/src/Illuminate/Cookie/Queue.php(47): Illuminate\Session\Middleware->handle(Object(Illuminate\Http\Request), 1, true)
#9 /Users/yangbo-webkaifa/Sites/laravel_cn/vendor/laravel/framework/src/Illuminate/Cookie/Guard.php(51): Illuminate\Cookie\Queue->handle(Object(Illuminate\Http\Request), 1, true)
#10 /Users/yangbo-webkaifa/Sites/laravel_cn/vendor/stack/builder/src/Stack/StackedHttpKernel.php(23): Illuminate\Cookie\Guard->handle(Object(Illuminate\Http\Request), 1, true)
#11 /Users/yangbo-webkaifa/Sites/laravel_cn/vendor/laravel/framework/src/Illuminate/Foundation/Application.php(606): Stack\StackedHttpKernel->handle(Object(Illuminate\Http\Request))
#12 /Users/yangbo-webkaifa/Sites/laravel_cn/public/index.php(63): Illuminate\Foundation\Application->run()
#13 {main} [] []
[2014-07-15 00:08:34] production.ERROR: exception 'Symfony\Component\HttpKernel\Exception\NotFoundHttpException' in /Users/yangbo-webkaifa/Sites/laravel_cn/vendor/laravel/framework/src/Illuminate/Routing/RouteCollection.php:146
Stack trace:
#0 /Users/yangbo-webkaifa/Sites/laravel_cn/vendor/laravel/framework/src/Illuminate/Routing/Router.php(1021): Illuminate\Routing\RouteCollection->match(Object(Illuminate\Http\Request))
#1 /Users/yangbo-webkaifa/Sites/laravel_cn/vendor/laravel/framework/src/Illuminate/Routing/Router.php(989): Illuminate\Routing\Router->findRoute(Object(Illuminate\Http\Request))
#2 /Users/yangbo-webkaifa/Sites/laravel_cn/vendor/laravel/framework/src/Illuminate/Routing/Router.php(968): Illuminate\Routing\Router->dispatchToRoute(Object(Illuminate\Http\Request))
#3 /Users/yangbo-webkaifa/Sites/laravel_cn/vendor/laravel/framework/src/Illuminate/Foundation/Application.php(738): Illuminate\Routing\Router->dispatch(Object(Illuminate\Http\Request))
#4 /Users/yangbo-webkaifa/Sites/laravel_cn/vendor/laravel/framework/src/Illuminate/Foundation/Application.php(708): Illuminate\Foundation\Application->dispatch(Object(Illuminate\Http\Request))
#5 /Users/yangbo-webkaifa/Sites/laravel_cn/vendor/barryvdh/laravel-debugbar/src/Barryvdh/Debugbar/Middleware.php(34): Illuminate\Foundation\Application->handle(Object(Illuminate\Http\Request), 1, true)
#6 /Users/yangbo-webkaifa/Sites/laravel_cn/vendor/laravel/framework/src/Illuminate/Http/FrameGuard.php(38): Barryvdh\Debugbar\Middleware->handle(Object(Illuminate\Http\Request), 1, true)
#7 /Users/yangbo-webkaifa/Sites/laravel_cn/vendor/laravel/framework/src/Illuminate/Session/Middleware.php(72): Illuminate\Http\FrameGuard->handle(Object(Illuminate\Http\Request), 1, true)
#8 /Users/yangbo-webkaifa/Sites/laravel_cn/vendor/laravel/framework/src/Illuminate/Cookie/Queue.php(47): Illuminate\Session\Middleware->handle(Object(Illuminate\Http\Request), 1, true)
#9 /Users/yangbo-webkaifa/Sites/laravel_cn/vendor/laravel/framework/src/Illuminate/Cookie/Guard.php(51): Illuminate\Cookie\Queue->handle(Object(Illuminate\Http\Request), 1, true)
#10 /Users/yangbo-webkaifa/Sites/laravel_cn/vendor/stack/builder/src/Stack/StackedHttpKernel.php(23): Illuminate\Cookie\Guard->handle(Object(Illuminate\Http\Request), 1, true)
#11 /Users/yangbo-webkaifa/Sites/laravel_cn/vendor/laravel/framework/src/Illuminate/Foundation/Application.php(606): Stack\StackedHttpKernel->handle(Object(Illuminate\Http\Request))
#12 /Users/yangbo-webkaifa/Sites/laravel_cn/public/index.php(63): Illuminate\Foundation\Application->run()
#13 {main} [] []
[2014-07-15 00:09:29] production.ERROR: exception 'Symfony\Component\HttpKernel\Exception\NotFoundHttpException' in /Users/yangbo-webkaifa/Sites/laravel_cn/vendor/laravel/framework/src/Illuminate/Routing/RouteCollection.php:146
Stack trace:
#0 /Users/yangbo-webkaifa/Sites/laravel_cn/vendor/laravel/framework/src/Illuminate/Routing/Router.php(1021): Illuminate\Routing\RouteCollection->match(Object(Illuminate\Http\Request))
#1 /Users/yangbo-webkaifa/Sites/laravel_cn/vendor/laravel/framework/src/Illuminate/Routing/Router.php(989): Illuminate\Routing\Router->findRoute(Object(Illuminate\Http\Request))
#2 /Users/yangbo-webkaifa/Sites/laravel_cn/vendor/laravel/framework/src/Illuminate/Routing/Router.php(968): Illuminate\Routing\Router->dispatchToRoute(Object(Illuminate\Http\Request))
#3 /Users/yangbo-webkaifa/Sites/laravel_cn/vendor/laravel/framework/src/Illuminate/Foundation/Application.php(738): Illuminate\Routing\Router->dispatch(Object(Illuminate\Http\Request))
#4 /Users/yangbo-webkaifa/Sites/laravel_cn/vendor/laravel/framework/src/Illuminate/Foundation/Application.php(708): Illuminate\Foundation\Application->dispatch(Object(Illuminate\Http\Request))
#5 /Users/yangbo-webkaifa/Sites/laravel_cn/vendor/barryvdh/laravel-debugbar/src/Barryvdh/Debugbar/Middleware.php(34): Illuminate\Foundation\Application->handle(Object(Illuminate\Http\Request), 1, true)
#6 /Users/yangbo-webkaifa/Sites/laravel_cn/vendor/laravel/framework/src/Illuminate/Http/FrameGuard.php(38): Barryvdh\Debugbar\Middleware->handle(Object(Illuminate\Http\Request), 1, true)
#7 /Users/yangbo-webkaifa/Sites/laravel_cn/vendor/laravel/framework/src/Illuminate/Session/Middleware.php(72): Illuminate\Http\FrameGuard->handle(Object(Illuminate\Http\Request), 1, true)
#8 /Users/yangbo-webkaifa/Sites/laravel_cn/vendor/laravel/framework/src/Illuminate/Cookie/Queue.php(47): Illuminate\Session\Middleware->handle(Object(Illuminate\Http\Request), 1, true)
#9 /Users/yangbo-webkaifa/Sites/laravel_cn/vendor/laravel/framework/src/Illuminate/Cookie/Guard.php(51): Illuminate\Cookie\Queue->handle(Object(Illuminate\Http\Request), 1, true)
#10 /Users/yangbo-webkaifa/Sites/laravel_cn/vendor/stack/builder/src/Stack/StackedHttpKernel.php(23): Illuminate\Cookie\Guard->handle(Object(Illuminate\Http\Request), 1, true)
#11 /Users/yangbo-webkaifa/Sites/laravel_cn/vendor/laravel/framework/src/Illuminate/Foundation/Application.php(606): Stack\StackedHttpKernel->handle(Object(Illuminate\Http\Request))
#12 /Users/yangbo-webkaifa/Sites/laravel_cn/public/index.php(63): Illuminate\Foundation\Application->run()
#13 {main} [] []
[2014-07-15 00:11:21] production.ERROR: exception 'Symfony\Component\HttpKernel\Exception\NotFoundHttpException' in /Users/yangbo-webkaifa/Sites/laravel_cn/vendor/laravel/framework/src/Illuminate/Routing/RouteCollection.php:146
Stack trace:
#0 /Users/yangbo-webkaifa/Sites/laravel_cn/vendor/laravel/framework/src/Illuminate/Routing/Router.php(1021): Illuminate\Routing\RouteCollection->match(Object(Illuminate\Http\Request))
#1 /Users/yangbo-webkaifa/Sites/laravel_cn/vendor/laravel/framework/src/Illuminate/Routing/Router.php(989): Illuminate\Routing\Router->findRoute(Object(Illuminate\Http\Request))
#2 /Users/yangbo-webkaifa/Sites/laravel_cn/vendor/laravel/framework/src/Illuminate/Routing/Router.php(968): Illuminate\Routing\Router->dispatchToRoute(Object(Illuminate\Http\Request))
#3 /Users/yangbo-webkaifa/Sites/laravel_cn/vendor/laravel/framework/src/Illuminate/Foundation/Application.php(738): Illuminate\Routing\Router->dispatch(Object(Illuminate\Http\Request))
#4 /Users/yangbo-webkaifa/Sites/laravel_cn/vendor/laravel/framework/src/Illuminate/Foundation/Application.php(708): Illuminate\Foundation\Application->dispatch(Object(Illuminate\Http\Request))
#5 /Users/yangbo-webkaifa/Sites/laravel_cn/vendor/barryvdh/laravel-debugbar/src/Barryvdh/Debugbar/Middleware.php(34): Illuminate\Foundation\Application->handle(Object(Illuminate\Http\Request), 1, true)
#6 /Users/yangbo-webkaifa/Sites/laravel_cn/vendor/laravel/framework/src/Illuminate/Http/FrameGuard.php(38): Barryvdh\Debugbar\Middleware->handle(Object(Illuminate\Http\Request), 1, true)
#7 /Users/yangbo-webkaifa/Sites/laravel_cn/vendor/laravel/framework/src/Illuminate/Session/Middleware.php(72): Illuminate\Http\FrameGuard->handle(Object(Illuminate\Http\Request), 1, true)
#8 /Users/yangbo-webkaifa/Sites/laravel_cn/vendor/laravel/framework/src/Illuminate/Cookie/Queue.php(47): Illuminate\Session\Middleware->handle(Object(Illuminate\Http\Request), 1, true)
#9 /Users/yangbo-webkaifa/Sites/laravel_cn/vendor/laravel/framework/src/Illuminate/Cookie/Guard.php(51): Illuminate\Cookie\Queue->handle(Object(Illuminate\Http\Request), 1, true)
#10 /Users/yangbo-webkaifa/Sites/laravel_cn/vendor/stack/builder/src/Stack/StackedHttpKernel.php(23): Illuminate\Cookie\Guard->handle(Object(Illuminate\Http\Request), 1, true)
#11 /Users/yangbo-webkaifa/Sites/laravel_cn/vendor/laravel/framework/src/Illuminate/Foundation/Application.php(606): Stack\StackedHttpKernel->handle(Object(Illuminate\Http\Request))
#12 /Users/yangbo-webkaifa/Sites/laravel_cn/public/index.php(63): Illuminate\Foundation\Application->run()
#13 {main} [] []
[2014-07-15 00:15:39] production.ERROR: exception 'Symfony\Component\HttpKernel\Exception\NotFoundHttpException' in /Users/yangbo-webkaifa/Sites/laravel_cn/vendor/laravel/framework/src/Illuminate/Routing/RouteCollection.php:146
Stack trace:
#0 /Users/yangbo-webkaifa/Sites/laravel_cn/vendor/laravel/framework/src/Illuminate/Routing/Router.php(1021): Illuminate\Routing\RouteCollection->match(Object(Illuminate\Http\Request))
#1 /Users/yangbo-webkaifa/Sites/laravel_cn/vendor/laravel/framework/src/Illuminate/Routing/Router.php(989): Illuminate\Routing\Router->findRoute(Object(Illuminate\Http\Request))
#2 /Users/yangbo-webkaifa/Sites/laravel_cn/vendor/laravel/framework/src/Illuminate/Routing/Router.php(968): Illuminate\Routing\Router->dispatchToRoute(Object(Illuminate\Http\Request))
#3 /Users/yangbo-webkaifa/Sites/laravel_cn/vendor/laravel/framework/src/Illuminate/Foundation/Application.php(738): Illuminate\Routing\Router->dispatch(Object(Illuminate\Http\Request))
#4 /Users/yangbo-webkaifa/Sites/laravel_cn/vendor/laravel/framework/src/Illuminate/Foundation/Application.php(708): Illuminate\Foundation\Application->dispatch(Object(Illuminate\Http\Request))
#5 /Users/yangbo-webkaifa/Sites/laravel_cn/vendor/barryvdh/laravel-debugbar/src/Barryvdh/Debugbar/Middleware.php(34): Illuminate\Foundation\Application->handle(Object(Illuminate\Http\Request), 1, true)
#6 /Users/yangbo-webkaifa/Sites/laravel_cn/vendor/laravel/framework/src/Illuminate/Http/FrameGuard.php(38): Barryvdh\Debugbar\Middleware->handle(Object(Illuminate\Http\Request), 1, true)
#7 /Users/yangbo-webkaifa/Sites/laravel_cn/vendor/laravel/framework/src/Illuminate/Session/Middleware.php(72): Illuminate\Http\FrameGuard->handle(Object(Illuminate\Http\Request), 1, true)
#8 /Users/yangbo-webkaifa/Sites/laravel_cn/vendor/laravel/framework/src/Illuminate/Cookie/Queue.php(47): Illuminate\Session\Middleware->handle(Object(Illuminate\Http\Request), 1, true)
#9 /Users/yangbo-webkaifa/Sites/laravel_cn/vendor/laravel/framework/src/Illuminate/Cookie/Guard.php(51): Illuminate\Cookie\Queue->handle(Object(Illuminate\Http\Request), 1, true)
#10 /Users/yangbo-webkaifa/Sites/laravel_cn/vendor/stack/builder/src/Stack/StackedHttpKernel.php(23): Illuminate\Cookie\Guard->handle(Object(Illuminate\Http\Request), 1, true)
#11 /Users/yangbo-webkaifa/Sites/laravel_cn/vendor/laravel/framework/src/Illuminate/Foundation/Application.php(606): Stack\StackedHttpKernel->handle(Object(Illuminate\Http\Request))
#12 /Users/yangbo-webkaifa/Sites/laravel_cn/public/index.php(63): Illuminate\Foundation\Application->run()
#13 {main} [] []
[2014-07-15 00:19:48] production.ERROR: exception 'Symfony\Component\HttpKernel\Exception\NotFoundHttpException' in /Users/yangbo-webkaifa/Sites/laravel_cn/vendor/laravel/framework/src/Illuminate/Routing/RouteCollection.php:146
Stack trace:
#0 /Users/yangbo-webkaifa/Sites/laravel_cn/vendor/laravel/framework/src/Illuminate/Routing/Router.php(1021): Illuminate\Routing\RouteCollection->match(Object(Illuminate\Http\Request))
#1 /Users/yangbo-webkaifa/Sites/laravel_cn/vendor/laravel/framework/src/Illuminate/Routing/Router.php(989): Illuminate\Routing\Router->findRoute(Object(Illuminate\Http\Request))
#2 /Users/yangbo-webkaifa/Sites/laravel_cn/vendor/laravel/framework/src/Illuminate/Routing/Router.php(968): Illuminate\Routing\Router->dispatchToRoute(Object(Illuminate\Http\Request))
#3 /Users/yangbo-webkaifa/Sites/laravel_cn/vendor/laravel/framework/src/Illuminate/Foundation/Application.php(738): Illuminate\Routing\Router->dispatch(Object(Illuminate\Http\Request))
#4 /Users/yangbo-webkaifa/Sites/laravel_cn/vendor/laravel/framework/src/Illuminate/Foundation/Application.php(708): Illuminate\Foundation\Application->dispatch(Object(Illuminate\Http\Request))
#5 /Users/yangbo-webkaifa/Sites/laravel_cn/vendor/barryvdh/laravel-debugbar/src/Barryvdh/Debugbar/Middleware.php(34): Illuminate\Foundation\Application->handle(Object(Illuminate\Http\Request), 1, true)
#6 /Users/yangbo-webkaifa/Sites/laravel_cn/vendor/laravel/framework/src/Illuminate/Http/FrameGuard.php(38): Barryvdh\Debugbar\Middleware->handle(Object(Illuminate\Http\Request), 1, true)
#7 /Users/yangbo-webkaifa/Sites/laravel_cn/vendor/laravel/framework/src/Illuminate/Session/Middleware.php(72): Illuminate\Http\FrameGuard->handle(Object(Illuminate\Http\Request), 1, true)
#8 /Users/yangbo-webkaifa/Sites/laravel_cn/vendor/laravel/framework/src/Illuminate/Cookie/Queue.php(47): Illuminate\Session\Middleware->handle(Object(Illuminate\Http\Request), 1, true)
#9 /Users/yangbo-webkaifa/Sites/laravel_cn/vendor/laravel/framework/src/Illuminate/Cookie/Guard.php(51): Illuminate\Cookie\Queue->handle(Object(Illuminate\Http\Request), 1, true)
#10 /Users/yangbo-webkaifa/Sites/laravel_cn/vendor/stack/builder/src/Stack/StackedHttpKernel.php(23): Illuminate\Cookie\Guard->handle(Object(Illuminate\Http\Request), 1, true)
#11 /Users/yangbo-webkaifa/Sites/laravel_cn/vendor/laravel/framework/src/Illuminate/Foundation/Application.php(606): Stack\StackedHttpKernel->handle(Object(Illuminate\Http\Request))
#12 /Users/yangbo-webkaifa/Sites/laravel_cn/public/index.php(63): Illuminate\Foundation\Application->run()
#13 {main} [] []
[2014-07-15 00:24:08] production.ERROR: exception 'Symfony\Component\HttpKernel\Exception\NotFoundHttpException' in /Users/yangbo-webkaifa/Sites/laravel_cn/vendor/laravel/framework/src/Illuminate/Routing/RouteCollection.php:146
Stack trace:
#0 /Users/yangbo-webkaifa/Sites/laravel_cn/vendor/laravel/framework/src/Illuminate/Routing/Router.php(1021): Illuminate\Routing\RouteCollection->match(Object(Illuminate\Http\Request))
#1 /Users/yangbo-webkaifa/Sites/laravel_cn/vendor/laravel/framework/src/Illuminate/Routing/Router.php(989): Illuminate\Routing\Router->findRoute(Object(Illuminate\Http\Request))
#2 /Users/yangbo-webkaifa/Sites/laravel_cn/vendor/laravel/framework/src/Illuminate/Routing/Router.php(968): Illuminate\Routing\Router->dispatchToRoute(Object(Illuminate\Http\Request))
#3 /Users/yangbo-webkaifa/Sites/laravel_cn/vendor/laravel/framework/src/Illuminate/Foundation/Application.php(738): Illuminate\Routing\Router->dispatch(Object(Illuminate\Http\Request))
#4 /Users/yangbo-webkaifa/Sites/laravel_cn/vendor/laravel/framework/src/Illuminate/Foundation/Application.php(708): Illuminate\Foundation\Application->dispatch(Object(Illuminate\Http\Request))
#5 /Users/yangbo-webkaifa/Sites/laravel_cn/vendor/barryvdh/laravel-debugbar/src/Barryvdh/Debugbar/Middleware.php(34): Illuminate\Foundation\Application->handle(Object(Illuminate\Http\Request), 1, true)
#6 /Users/yangbo-webkaifa/Sites/laravel_cn/vendor/laravel/framework/src/Illuminate/Http/FrameGuard.php(38): Barryvdh\Debugbar\Middleware->handle(Object(Illuminate\Http\Request), 1, true)
#7 /Users/yangbo-webkaifa/Sites/laravel_cn/vendor/laravel/framework/src/Illuminate/Session/Middleware.php(72): Illuminate\Http\FrameGuard->handle(Object(Illuminate\Http\Request), 1, true)
#8 /Users/yangbo-webkaifa/Sites/laravel_cn/vendor/laravel/framework/src/Illuminate/Cookie/Queue.php(47): Illuminate\Session\Middleware->handle(Object(Illuminate\Http\Request), 1, true)
#9 /Users/yangbo-webkaifa/Sites/laravel_cn/vendor/laravel/framework/src/Illuminate/Cookie/Guard.php(51): Illuminate\Cookie\Queue->handle(Object(Illuminate\Http\Request), 1, true)
#10 /Users/yangbo-webkaifa/Sites/laravel_cn/vendor/stack/builder/src/Stack/StackedHttpKernel.php(23): Illuminate\Cookie\Guard->handle(Object(Illuminate\Http\Request), 1, true)
#11 /Users/yangbo-webkaifa/Sites/laravel_cn/vendor/laravel/framework/src/Illuminate/Foundation/Application.php(606): Stack\StackedHttpKernel->handle(Object(Illuminate\Http\Request))
#12 /Users/yangbo-webkaifa/Sites/laravel_cn/public/index.php(63): Illuminate\Foundation\Application->run()
#13 {main} [] []
[2014-07-15 00:28:21] production.ERROR: exception 'Symfony\Component\HttpKernel\Exception\NotFoundHttpException' in /Users/yangbo-webkaifa/Sites/laravel_cn/vendor/laravel/framework/src/Illuminate/Routing/RouteCollection.php:146
Stack trace:
#0 /Users/yangbo-webkaifa/Sites/laravel_cn/vendor/laravel/framework/src/Illuminate/Routing/Router.php(1021): Illuminate\Routing\RouteCollection->match(Object(Illuminate\Http\Request))
#1 /Users/yangbo-webkaifa/Sites/laravel_cn/vendor/laravel/framework/src/Illuminate/Routing/Router.php(989): Illuminate\Routing\Router->findRoute(Object(Illuminate\Http\Request))
#2 /Users/yangbo-webkaifa/Sites/laravel_cn/vendor/laravel/framework/src/Illuminate/Routing/Router.php(968): Illuminate\Routing\Router->dispatchToRoute(Object(Illuminate\Http\Request))
#3 /Users/yangbo-webkaifa/Sites/laravel_cn/vendor/laravel/framework/src/Illuminate/Foundation/Application.php(738): Illuminate\Routing\Router->dispatch(Object(Illuminate\Http\Request))
#4 /Users/yangbo-webkaifa/Sites/laravel_cn/vendor/laravel/framework/src/Illuminate/Foundation/Application.php(708): Illuminate\Foundation\Application->dispatch(Object(Illuminate\Http\Request))
#5 /Users/yangbo-webkaifa/Sites/laravel_cn/vendor/barryvdh/laravel-debugbar/src/Barryvdh/Debugbar/Middleware.php(34): Illuminate\Foundation\Application->handle(Object(Illuminate\Http\Request), 1, true)
#6 /Users/yangbo-webkaifa/Sites/laravel_cn/vendor/laravel/framework/src/Illuminate/Http/FrameGuard.php(38): Barryvdh\Debugbar\Middleware->handle(Object(Illuminate\Http\Request), 1, true)
#7 /Users/yangbo-webkaifa/Sites/laravel_cn/vendor/laravel/framework/src/Illuminate/Session/Middleware.php(72): Illuminate\Http\FrameGuard->handle(Object(Illuminate\Http\Request), 1, true)
#8 /Users/yangbo-webkaifa/Sites/laravel_cn/vendor/laravel/framework/src/Illuminate/Cookie/Queue.php(47): Illuminate\Session\Middleware->handle(Object(Illuminate\Http\Request), 1, true)
#9 /Users/yangbo-webkaifa/Sites/laravel_cn/vendor/laravel/framework/src/Illuminate/Cookie/Guard.php(51): Illuminate\Cookie\Queue->handle(Object(Illuminate\Http\Request), 1, true)
#10 /Users/yangbo-webkaifa/Sites/laravel_cn/vendor/stack/builder/src/Stack/StackedHttpKernel.php(23): Illuminate\Cookie\Guard->handle(Object(Illuminate\Http\Request), 1, true)
#11 /Users/yangbo-webkaifa/Sites/laravel_cn/vendor/laravel/framework/src/Illuminate/Foundation/Application.php(606): Stack\StackedHttpKernel->handle(Object(Illuminate\Http\Request))
#12 /Users/yangbo-webkaifa/Sites/laravel_cn/public/index.php(63): Illuminate\Foundation\Application->run()
#13 {main} [] []
[2014-07-15 15:45:10] production.ERROR: exception 'Symfony\Component\HttpKernel\Exception\NotFoundHttpException' in E:\wamp\www\laravel-cn\vendor\laravel\framework\src\Illuminate\Routing\RouteCollection.php:146
Stack trace:
#0 E:\wamp\www\laravel-cn\vendor\laravel\framework\src\Illuminate\Routing\Router.php(1021): Illuminate\Routing\RouteCollection->match(Object(Illuminate\Http\Request))
#1 E:\wamp\www\laravel-cn\vendor\laravel\framework\src\Illuminate\Routing\Router.php(989): Illuminate\Routing\Router->findRoute(Object(Illuminate\Http\Request))
#2 E:\wamp\www\laravel-cn\vendor\laravel\framework\src\Illuminate\Routing\Router.php(968): Illuminate\Routing\Router->dispatchToRoute(Object(Illuminate\Http\Request))
#3 E:\wamp\www\laravel-cn\vendor\laravel\framework\src\Illuminate\Foundation\Application.php(738): Illuminate\Routing\Router->dispatch(Object(Illuminate\Http\Request))
#4 E:\wamp\www\laravel-cn\vendor\laravel\framework\src\Illuminate\Foundation\Application.php(708): Illuminate\Foundation\Application->dispatch(Object(Illuminate\Http\Request))
#5 E:\wamp\www\laravel-cn\vendor\barryvdh\laravel-debugbar\src\Barryvdh\Debugbar\Middleware.php(34): Illuminate\Foundation\Application->handle(Object(Illuminate\Http\Request), 1, true)
#6 E:\wamp\www\laravel-cn\vendor\laravel\framework\src\Illuminate\Http\FrameGuard.php(38): Barryvdh\Debugbar\Middleware->handle(Object(Illuminate\Http\Request), 1, true)
#7 E:\wamp\www\laravel-cn\vendor\laravel\framework\src\Illuminate\Session\Middleware.php(72): Illuminate\Http\FrameGuard->handle(Object(Illuminate\Http\Request), 1, true)
#8 E:\wamp\www\laravel-cn\vendor\laravel\framework\src\Illuminate\Cookie\Queue.php(47): Illuminate\Session\Middleware->handle(Object(Illuminate\Http\Request), 1, true)
#9 E:\wamp\www\laravel-cn\vendor\laravel\framework\src\Illuminate\Cookie\Guard.php(51): Illuminate\Cookie\Queue->handle(Object(Illuminate\Http\Request), 1, true)
#10 E:\wamp\www\laravel-cn\vendor\stack\builder\src\Stack\StackedHttpKernel.php(23): Illuminate\Cookie\Guard->handle(Object(Illuminate\Http\Request), 1, true)
#11 E:\wamp\www\laravel-cn\vendor\laravel\framework\src\Illuminate\Foundation\Application.php(606): Stack\StackedHttpKernel->handle(Object(Illuminate\Http\Request))
#12 E:\wamp\www\laravel-cn\public\index.php(63): Illuminate\Foundation\Application->run()
#13 {main} [] []
[2014-07-15 15:53:17] production.ERROR: exception 'Symfony\Component\HttpKernel\Exception\NotFoundHttpException' in E:\wamp\www\laravel-cn\vendor\laravel\framework\src\Illuminate\Routing\RouteCollection.php:146
Stack trace:
#0 E:\wamp\www\laravel-cn\vendor\laravel\framework\src\Illuminate\Routing\Router.php(1021): Illuminate\Routing\RouteCollection->match(Object(Illuminate\Http\Request))
#1 E:\wamp\www\laravel-cn\vendor\laravel\framework\src\Illuminate\Routing\Router.php(989): Illuminate\Routing\Router->findRoute(Object(Illuminate\Http\Request))
#2 E:\wamp\www\laravel-cn\vendor\laravel\framework\src\Illuminate\Routing\Router.php(968): Illuminate\Routing\Router->dispatchToRoute(Object(Illuminate\Http\Request))
#3 E:\wamp\www\laravel-cn\vendor\laravel\framework\src\Illuminate\Foundation\Application.php(738): Illuminate\Routing\Router->dispatch(Object(Illuminate\Http\Request))
#4 E:\wamp\www\laravel-cn\vendor\laravel\framework\src\Illuminate\Foundation\Application.php(708): Illuminate\Foundation\Application->dispatch(Object(Illuminate\Http\Request))
#5 E:\wamp\www\laravel-cn\vendor\barryvdh\laravel-debugbar\src\Barryvdh\Debugbar\Middleware.php(34): Illuminate\Foundation\Application->handle(Object(Illuminate\Http\Request), 1, true)
#6 E:\wamp\www\laravel-cn\vendor\laravel\framework\src\Illuminate\Http\FrameGuard.php(38): Barryvdh\Debugbar\Middleware->handle(Object(Illuminate\Http\Request), 1, true)
#7 E:\wamp\www\laravel-cn\vendor\laravel\framework\src\Illuminate\Session\Middleware.php(72): Illuminate\Http\FrameGuard->handle(Object(Illuminate\Http\Request), 1, true)
#8 E:\wamp\www\laravel-cn\vendor\laravel\framework\src\Illuminate\Cookie\Queue.php(47): Illuminate\Session\Middleware->handle(Object(Illuminate\Http\Request), 1, true)
#9 E:\wamp\www\laravel-cn\vendor\laravel\framework\src\Illuminate\Cookie\Guard.php(51): Illuminate\Cookie\Queue->handle(Object(Illuminate\Http\Request), 1, true)
#10 E:\wamp\www\laravel-cn\vendor\stack\builder\src\Stack\StackedHttpKernel.php(23): Illuminate\Cookie\Guard->handle(Object(Illuminate\Http\Request), 1, true)
#11 E:\wamp\www\laravel-cn\vendor\laravel\framework\src\Illuminate\Foundation\Application.php(606): Stack\StackedHttpKernel->handle(Object(Illuminate\Http\Request))
#12 E:\wamp\www\laravel-cn\public\index.php(63): Illuminate\Foundation\Application->run()
#13 {main} [] []
[2014-07-15 15:57:04] production.ERROR: exception 'Symfony\Component\HttpKernel\Exception\NotFoundHttpException' in E:\wamp\www\laravel-cn\vendor\laravel\framework\src\Illuminate\Routing\RouteCollection.php:146
Stack trace:
#0 E:\wamp\www\laravel-cn\vendor\laravel\framework\src\Illuminate\Routing\Router.php(1021): Illuminate\Routing\RouteCollection->match(Object(Illuminate\Http\Request))
#1 E:\wamp\www\laravel-cn\vendor\laravel\framework\src\Illuminate\Routing\Router.php(989): Illuminate\Routing\Router->findRoute(Object(Illuminate\Http\Request))
#2 E:\wamp\www\laravel-cn\vendor\laravel\framework\src\Illuminate\Routing\Router.php(968): Illuminate\Routing\Router->dispatchToRoute(Object(Illuminate\Http\Request))
#3 E:\wamp\www\laravel-cn\vendor\laravel\framework\src\Illuminate\Foundation\Application.php(738): Illuminate\Routing\Router->dispatch(Object(Illuminate\Http\Request))
#4 E:\wamp\www\laravel-cn\vendor\laravel\framework\src\Illuminate\Foundation\Application.php(708): Illuminate\Foundation\Application->dispatch(Object(Illuminate\Http\Request))
#5 E:\wamp\www\laravel-cn\vendor\barryvdh\laravel-debugbar\src\Barryvdh\Debugbar\Middleware.php(34): Illuminate\Foundation\Application->handle(Object(Illuminate\Http\Request), 1, true)
#6 E:\wamp\www\laravel-cn\vendor\laravel\framework\src\Illuminate\Http\FrameGuard.php(38): Barryvdh\Debugbar\Middleware->handle(Object(Illuminate\Http\Request), 1, true)
#7 E:\wamp\www\laravel-cn\vendor\laravel\framework\src\Illuminate\Session\Middleware.php(72): Illuminate\Http\FrameGuard->handle(Object(Illuminate\Http\Request), 1, true)
#8 E:\wamp\www\laravel-cn\vendor\laravel\framework\src\Illuminate\Cookie\Queue.php(47): Illuminate\Session\Middleware->handle(Object(Illuminate\Http\Request), 1, true)
#9 E:\wamp\www\laravel-cn\vendor\laravel\framework\src\Illuminate\Cookie\Guard.php(51): Illuminate\Cookie\Queue->handle(Object(Illuminate\Http\Request), 1, true)
#10 E:\wamp\www\laravel-cn\vendor\stack\builder\src\Stack\StackedHttpKernel.php(23): Illuminate\Cookie\Guard->handle(Object(Illuminate\Http\Request), 1, true)
#11 E:\wamp\www\laravel-cn\vendor\laravel\framework\src\Illuminate\Foundation\Application.php(606): Stack\StackedHttpKernel->handle(Object(Illuminate\Http\Request))
#12 E:\wamp\www\laravel-cn\public\index.php(63): Illuminate\Foundation\Application->run()
#13 {main} [] []
[2014-07-15 16:42:48] production.ERROR: exception 'InvalidArgumentException' with message 'Command "key:genreate" is not defined.

Did you mean this?
    key:generate' in E:\wamp\www\laravel-cn\vendor\symfony\console\Symfony\Component\Console\Application.php:562
Stack trace:
#0 E:\wamp\www\laravel-cn\vendor\symfony\console\Symfony\Component\Console\Application.php(188): Symfony\Component\Console\Application->find('key:genreate')
#1 E:\wamp\www\laravel-cn\vendor\symfony\console\Symfony\Component\Console\Application.php(121): Symfony\Component\Console\Application->doRun(Object(Symfony\Component\Console\Input\ArgvInput), Object(Symfony\Component\Console\Output\ConsoleOutput))
#2 E:\wamp\www\laravel-cn\artisan(59): Symfony\Component\Console\Application->run()
#3 {main} [] []
[2014-07-15 16:51:46] production.ERROR: exception 'Symfony\Component\Debug\Exception\FatalErrorException' with message 'Call to undefined method Illuminate\Foundation\Application::enviroment()' in E:\wamp\www\laravel-cn\vendor\laravel\framework\src\Illuminate\Support\Facades\Facade.php:205
Stack trace:
#0 [internal function]: Illuminate\Exception\Handler->handleShutdown()
#1 {main} [] []
[2014-07-15 16:59:20] production.ERROR: Debugbar exception: include(E:\wamp\www\laravel-cn\vendor/symfony/finder/Symfony/Component/Finder/Finder.php): failed to open stream: No such file or directory [] []
